Analysis & Elaboration report for ALU
Mon Mar  4 17:24:42 2024
Quartus Prime Version 22.1std.2 Build 922 07/20/2023 SC Lite Edition


---------------------
; Table of Contents ;
---------------------
  1. Legal Notice
  2. Analysis & Elaboration Summary
  3. Parallel Compilation
  4. Parameter Settings for User Entity Instance: Top-level Entity: |ALU
  5. Parameter Settings for User Entity Instance: OpSuma:sum
  6. Parameter Settings for User Entity Instance: OpSuma:res
  7. Parameter Settings for User Entity Instance: OpMult:mult
  8. Parameter Settings for User Entity Instance: OpDiv:div
  9. Parameter Settings for User Entity Instance: ShiftLeft:sll
 10. Parameter Settings for User Entity Instance: ShiftRight:srl
 11. Parameter Settings for User Entity Instance: AndModule:andG
 12. Parameter Settings for User Entity Instance: OrModule:orG
 13. Parameter Settings for User Entity Instance: XorModule:xorG
 14. Analysis & Elaboration Settings
 15. Port Connectivity Checks: "OpMult:mult"
 16. Port Connectivity Checks: "OpSuma:res"
 17. Port Connectivity Checks: "OpSuma:sum"
 18. Analysis & Elaboration Messages



----------------
; Legal Notice ;
----------------
Copyright (C) 2023  Intel Corporation. All rights reserved.
Your use of Intel Corporation's design tools, logic functions 
and other software and tools, and any partner logic 
functions, and any output files from any of the foregoing 
(including device programming or simulation files), and any 
associated documentation or information are expressly subject 
to the terms and conditions of the Intel Program License 
Subscription Agreement, the Intel Quartus Prime License Agreement,
the Intel FPGA IP License Agreement, or other applicable license
agreement, including, without limitation, that your use is for
the sole purpose of programming logic devices manufactured by
Intel and sold by Intel or its authorized distributors.  Please
refer to the applicable agreement for further details, at
https://fpgasoftware.intel.com/eula.



+--------------------------------------------------------------------------------+
; Analysis & Elaboration Summary                                                 ;
+-------------------------------+------------------------------------------------+
; Analysis & Elaboration Status ; Successful - Mon Mar  4 17:24:42 2024          ;
; Quartus Prime Version         ; 22.1std.2 Build 922 07/20/2023 SC Lite Edition ;
; Revision Name                 ; ALU                                            ;
; Top-level Entity Name         ; ALU                                            ;
; Family                        ; Cyclone V                                      ;
; Logic utilization (in ALMs)   ; N/A until Partition Merge                      ;
; Total registers               ; N/A until Partition Merge                      ;
; Total pins                    ; N/A until Partition Merge                      ;
; Total virtual pins            ; N/A until Partition Merge                      ;
; Total block memory bits       ; N/A until Partition Merge                      ;
; Total PLLs                    ; N/A until Partition Merge                      ;
; Total DLLs                    ; N/A until Partition Merge                      ;
+-------------------------------+------------------------------------------------+


+------------------------------------------+
; Parallel Compilation                     ;
+----------------------------+-------------+
; Processors                 ; Number      ;
+----------------------------+-------------+
; Number detected on machine ; 12          ;
; Maximum allowed            ; 12          ;
;                            ;             ;
; Average used               ; 1.00        ;
; Maximum used               ; 1           ;
;                            ;             ;
; Usage by Processor         ; % Time Used ;
;     Processor 1            ; 100.0%      ;
+----------------------------+-------------+


+---------------------------------------------------------------------+
; Parameter Settings for User Entity Instance: Top-level Entity: |ALU ;
+----------------+-------+--------------------------------------------+
; Parameter Name ; Value ; Type                                       ;
+----------------+-------+--------------------------------------------+
; N              ; 4     ; Signed Integer                             ;
+----------------+-------+--------------------------------------------+
Note: In order to hide this table in the UI and the text report file, please set the "Show Parameter Settings in Synthesis Report" option in "Analysis and Synthesis Settings -> More Settings" to "Off".


+---------------------------------------------------------+
; Parameter Settings for User Entity Instance: OpSuma:sum ;
+----------------+-------+--------------------------------+
; Parameter Name ; Value ; Type                           ;
+----------------+-------+--------------------------------+
; N              ; 4     ; Signed Integer                 ;
+----------------+-------+--------------------------------+
Note: In order to hide this table in the UI and the text report file, please set the "Show Parameter Settings in Synthesis Report" option in "Analysis and Synthesis Settings -> More Settings" to "Off".


+---------------------------------------------------------+
; Parameter Settings for User Entity Instance: OpSuma:res ;
+----------------+-------+--------------------------------+
; Parameter Name ; Value ; Type                           ;
+----------------+-------+--------------------------------+
; N              ; 4     ; Signed Integer                 ;
+----------------+-------+--------------------------------+
Note: In order to hide this table in the UI and the text report file, please set the "Show Parameter Settings in Synthesis Report" option in "Analysis and Synthesis Settings -> More Settings" to "Off".


+----------------------------------------------------------+
; Parameter Settings for User Entity Instance: OpMult:mult ;
+----------------+-------+---------------------------------+
; Parameter Name ; Value ; Type                            ;
+----------------+-------+---------------------------------+
; N              ; 4     ; Signed Integer                  ;
+----------------+-------+---------------------------------+
Note: In order to hide this table in the UI and the text report file, please set the "Show Parameter Settings in Synthesis Report" option in "Analysis and Synthesis Settings -> More Settings" to "Off".


+--------------------------------------------------------+
; Parameter Settings for User Entity Instance: OpDiv:div ;
+----------------+-------+-------------------------------+
; Parameter Name ; Value ; Type                          ;
+----------------+-------+-------------------------------+
; N              ; 4     ; Signed Integer                ;
+----------------+-------+-------------------------------+
Note: In order to hide this table in the UI and the text report file, please set the "Show Parameter Settings in Synthesis Report" option in "Analysis and Synthesis Settings -> More Settings" to "Off".


+------------------------------------------------------------+
; Parameter Settings for User Entity Instance: ShiftLeft:sll ;
+----------------+-------+-----------------------------------+
; Parameter Name ; Value ; Type                              ;
+----------------+-------+-----------------------------------+
; N              ; 4     ; Signed Integer                    ;
+----------------+-------+-----------------------------------+
Note: In order to hide this table in the UI and the text report file, please set the "Show Parameter Settings in Synthesis Report" option in "Analysis and Synthesis Settings -> More Settings" to "Off".


+-------------------------------------------------------------+
; Parameter Settings for User Entity Instance: ShiftRight:srl ;
+----------------+-------+------------------------------------+
; Parameter Name ; Value ; Type                               ;
+----------------+-------+------------------------------------+
; N              ; 4     ; Signed Integer                     ;
+----------------+-------+------------------------------------+
Note: In order to hide this table in the UI and the text report file, please set the "Show Parameter Settings in Synthesis Report" option in "Analysis and Synthesis Settings -> More Settings" to "Off".


+-------------------------------------------------------------+
; Parameter Settings for User Entity Instance: AndModule:andG ;
+----------------+-------+------------------------------------+
; Parameter Name ; Value ; Type                               ;
+----------------+-------+------------------------------------+
; N              ; 4     ; Signed Integer                     ;
+----------------+-------+------------------------------------+
Note: In order to hide this table in the UI and the text report file, please set the "Show Parameter Settings in Synthesis Report" option in "Analysis and Synthesis Settings -> More Settings" to "Off".


+-----------------------------------------------------------+
; Parameter Settings for User Entity Instance: OrModule:orG ;
+----------------+-------+----------------------------------+
; Parameter Name ; Value ; Type                             ;
+----------------+-------+----------------------------------+
; N              ; 4     ; Signed Integer                   ;
+----------------+-------+----------------------------------+
Note: In order to hide this table in the UI and the text report file, please set the "Show Parameter Settings in Synthesis Report" option in "Analysis and Synthesis Settings -> More Settings" to "Off".


+-------------------------------------------------------------+
; Parameter Settings for User Entity Instance: XorModule:xorG ;
+----------------+-------+------------------------------------+
; Parameter Name ; Value ; Type                               ;
+----------------+-------+------------------------------------+
; N              ; 4     ; Signed Integer                     ;
+----------------+-------+------------------------------------+
Note: In order to hide this table in the UI and the text report file, please set the "Show Parameter Settings in Synthesis Report" option in "Analysis and Synthesis Settings -> More Settings" to "Off".


+---------------------------------------------------------------------------------------------------------------------------+
; Analysis & Elaboration Settings                                                                                           ;
+---------------------------------------------------------------------------------+--------------------+--------------------+
; Option                                                                          ; Setting            ; Default Value      ;
+---------------------------------------------------------------------------------+--------------------+--------------------+
; Device                                                                          ; 5CSEMA5F31C6       ;                    ;
; Top-level entity name                                                           ; ALU                ; ALU                ;
; Family name                                                                     ; Cyclone V          ; Cyclone V          ;
; Use smart compilation                                                           ; Off                ; Off                ;
; Enable parallel Assembler and Timing Analyzer during compilation                ; On                 ; On                 ;
; Enable compact report table                                                     ; Off                ; Off                ;
; Restructure Multiplexers                                                        ; Auto               ; Auto               ;
; MLAB Add Timing Constraints For Mixed-Port Feed-Through Mode Setting Don't Care ; Off                ; Off                ;
; Create Debugging Nodes for IP Cores                                             ; Off                ; Off                ;
; Preserve fewer node names                                                       ; On                 ; On                 ;
; Intel FPGA IP Evaluation Mode                                                   ; Enable             ; Enable             ;
; Verilog Version                                                                 ; Verilog_2001       ; Verilog_2001       ;
; VHDL Version                                                                    ; VHDL_1993          ; VHDL_1993          ;
; State Machine Processing                                                        ; Auto               ; Auto               ;
; Safe State Machine                                                              ; Off                ; Off                ;
; Extract Verilog State Machines                                                  ; On                 ; On                 ;
; Extract VHDL State Machines                                                     ; On                 ; On                 ;
; Ignore Verilog initial constructs                                               ; Off                ; Off                ;
; Iteration limit for constant Verilog loops                                      ; 5000               ; 5000               ;
; Iteration limit for non-constant Verilog loops                                  ; 250                ; 250                ;
; Add Pass-Through Logic to Inferred RAMs                                         ; On                 ; On                 ;
; Infer RAMs from Raw Logic                                                       ; On                 ; On                 ;
; Parallel Synthesis                                                              ; On                 ; On                 ;
; DSP Block Balancing                                                             ; Auto               ; Auto               ;
; NOT Gate Push-Back                                                              ; On                 ; On                 ;
; Power-Up Don't Care                                                             ; On                 ; On                 ;
; Remove Redundant Logic Cells                                                    ; Off                ; Off                ;
; Remove Duplicate Registers                                                      ; On                 ; On                 ;
; Ignore CARRY Buffers                                                            ; Off                ; Off                ;
; Ignore CASCADE Buffers                                                          ; Off                ; Off                ;
; Ignore GLOBAL Buffers                                                           ; Off                ; Off                ;
; Ignore ROW GLOBAL Buffers                                                       ; Off                ; Off                ;
; Ignore LCELL Buffers                                                            ; Off                ; Off                ;
; Ignore SOFT Buffers                                                             ; On                 ; On                 ;
; Limit AHDL Integers to 32 Bits                                                  ; Off                ; Off                ;
; Optimization Technique                                                          ; Balanced           ; Balanced           ;
; Carry Chain Length                                                              ; 70                 ; 70                 ;
; Auto Carry Chains                                                               ; On                 ; On                 ;
; Auto Open-Drain Pins                                                            ; On                 ; On                 ;
; Perform WYSIWYG Primitive Resynthesis                                           ; Off                ; Off                ;
; Auto ROM Replacement                                                            ; On                 ; On                 ;
; Auto RAM Replacement                                                            ; On                 ; On                 ;
; Auto DSP Block Replacement                                                      ; On                 ; On                 ;
; Auto Shift Register Replacement                                                 ; Auto               ; Auto               ;
; Allow Shift Register Merging across Hierarchies                                 ; Auto               ; Auto               ;
; Auto Clock Enable Replacement                                                   ; On                 ; On                 ;
; Strict RAM Replacement                                                          ; Off                ; Off                ;
; Allow Synchronous Control Signals                                               ; On                 ; On                 ;
; Force Use of Synchronous Clear Signals                                          ; Off                ; Off                ;
; Auto Resource Sharing                                                           ; Off                ; Off                ;
; Allow Any RAM Size For Recognition                                              ; Off                ; Off                ;
; Allow Any ROM Size For Recognition                                              ; Off                ; Off                ;
; Allow Any Shift Register Size For Recognition                                   ; Off                ; Off                ;
; Use LogicLock Constraints during Resource Balancing                             ; On                 ; On                 ;
; Ignore translate_off and synthesis_off directives                               ; Off                ; Off                ;
; Timing-Driven Synthesis                                                         ; On                 ; On                 ;
; Report Parameter Settings                                                       ; On                 ; On                 ;
; Report Source Assignments                                                       ; On                 ; On                 ;
; Report Connectivity Checks                                                      ; On                 ; On                 ;
; Ignore Maximum Fan-Out Assignments                                              ; Off                ; Off                ;
; Synchronization Register Chain Length                                           ; 3                  ; 3                  ;
; Power Optimization During Synthesis                                             ; Normal compilation ; Normal compilation ;
; HDL message level                                                               ; Level2             ; Level2             ;
; Suppress Register Optimization Related Messages                                 ; Off                ; Off                ;
; Number of Removed Registers Reported in Synthesis Report                        ; 5000               ; 5000               ;
; Number of Swept Nodes Reported in Synthesis Report                              ; 5000               ; 5000               ;
; Number of Inverted Registers Reported in Synthesis Report                       ; 100                ; 100                ;
; Clock MUX Protection                                                            ; On                 ; On                 ;
; Auto Gated Clock Conversion                                                     ; Off                ; Off                ;
; Block Design Naming                                                             ; Auto               ; Auto               ;
; SDC constraint protection                                                       ; Off                ; Off                ;
; Synthesis Effort                                                                ; Auto               ; Auto               ;
; Shift Register Replacement - Allow Asynchronous Clear Signal                    ; On                 ; On                 ;
; Pre-Mapping Resynthesis Optimization                                            ; Off                ; Off                ;
; Analysis & Synthesis Message Level                                              ; Medium             ; Medium             ;
; Disable Register Merging Across Hierarchies                                     ; Auto               ; Auto               ;
; Resource Aware Inference For Block RAM                                          ; On                 ; On                 ;
; Automatic Parallel Synthesis                                                    ; On                 ; On                 ;
; Partial Reconfiguration Bitstream ID                                            ; Off                ; Off                ;
+---------------------------------------------------------------------------------+--------------------+--------------------+


+-------------------------------------------------------------------------------------------------------------------------------------------------+
; Port Connectivity Checks: "OpMult:mult"                                                                                                         ;
+------+--------+----------+----------------------------------------------------------------------------------------------------------------------+
; Port ; Type   ; Severity ; Details                                                                                                              ;
+------+--------+----------+----------------------------------------------------------------------------------------------------------------------+
; C    ; Output ; Warning  ; Output or bidir port (8 bits) is wider than the port expression (4 bits) it drives; bit(s) "C[7..4]" have no fanouts ;
+------+--------+----------+----------------------------------------------------------------------------------------------------------------------+


+----------------------------------------+
; Port Connectivity Checks: "OpSuma:res" ;
+------+-------+----------+--------------+
; Port ; Type  ; Severity ; Details      ;
+------+-------+----------+--------------+
; Cin  ; Input ; Info     ; Stuck at VCC ;
+------+-------+----------+--------------+


+----------------------------------------+
; Port Connectivity Checks: "OpSuma:sum" ;
+------+-------+----------+--------------+
; Port ; Type  ; Severity ; Details      ;
+------+-------+----------+--------------+
; Cin  ; Input ; Info     ; Stuck at GND ;
+------+-------+----------+--------------+


+---------------------------------+
; Analysis & Elaboration Messages ;
+---------------------------------+
Info: *******************************************************************
Info: Running Quartus Prime Analysis & Elaboration
    Info: Version 22.1std.2 Build 922 07/20/2023 SC Lite Edition
    Info: Processing started: Mon Mar  4 17:24:37 2024
Info: Command: quartus_map --read_settings_files=on --write_settings_files=off ALU -c ALU --analysis_and_elaboration
Warning (18236): Number of processors has not been specified which may cause overloading on shared machines.  Set the global assignment NUM_PARALLEL_PROCESSORS in your QSF to an appropriate value for best performance.
Info (20030): Parallel compilation is enabled and will use 12 of the 12 processors detected
Info (12021): Found 1 design units, including 1 entities, in source file xormodule.sv
    Info (12023): Found entity 1: XorModule File: C:/Users/spark/OneDrive/Escritorio/Proyecto/rchavarria-digital-design-lab-2024/Laboratorio2/XorModule.sv Line: 1
Info (12021): Found 1 design units, including 1 entities, in source file shiftright.sv
    Info (12023): Found entity 1: ShiftRight File: C:/Users/spark/OneDrive/Escritorio/Proyecto/rchavarria-digital-design-lab-2024/Laboratorio2/ShiftRight.sv Line: 1
Info (12021): Found 1 design units, including 1 entities, in source file shiftleft.sv
    Info (12023): Found entity 1: ShiftLeft File: C:/Users/spark/OneDrive/Escritorio/Proyecto/rchavarria-digital-design-lab-2024/Laboratorio2/ShiftLeft.sv Line: 1
Info (12021): Found 1 design units, including 1 entities, in source file ormodule.sv
    Info (12023): Found entity 1: OrModule File: C:/Users/spark/OneDrive/Escritorio/Proyecto/rchavarria-digital-design-lab-2024/Laboratorio2/OrModule.sv Line: 1
Info (12021): Found 1 design units, including 1 entities, in source file andmodule.sv
    Info (12023): Found entity 1: AndModule File: C:/Users/spark/OneDrive/Escritorio/Proyecto/rchavarria-digital-design-lab-2024/Laboratorio2/AndModule.sv Line: 1
Info (12021): Found 1 design units, including 1 entities, in source file alu.sv
    Info (12023): Found entity 1: ALU File: C:/Users/spark/OneDrive/Escritorio/Proyecto/rchavarria-digital-design-lab-2024/Laboratorio2/ALU.sv Line: 1
Info (12021): Found 1 design units, including 1 entities, in source file sumadorcompleto.sv
    Info (12023): Found entity 1: SumadorCompleto File: C:/Users/spark/OneDrive/Escritorio/Proyecto/rchavarria-digital-design-lab-2024/Laboratorio2/SumadorCompleto.sv Line: 1
Info (12021): Found 1 design units, including 1 entities, in source file opsuma.sv
    Info (12023): Found entity 1: OpSuma File: C:/Users/spark/OneDrive/Escritorio/Proyecto/rchavarria-digital-design-lab-2024/Laboratorio2/OpSuma.sv Line: 1
Info (12021): Found 1 design units, including 1 entities, in source file opmult.sv
    Info (12023): Found entity 1: OpMult File: C:/Users/spark/OneDrive/Escritorio/Proyecto/rchavarria-digital-design-lab-2024/Laboratorio2/OpMult.sv Line: 1
Info (12021): Found 1 design units, including 1 entities, in source file opdiv.sv
    Info (12023): Found entity 1: OpDiv File: C:/Users/spark/OneDrive/Escritorio/Proyecto/rchavarria-digital-design-lab-2024/Laboratorio2/OpDiv.sv Line: 1
Info (12021): Found 1 design units, including 1 entities, in source file alu_tb.sv
    Info (12023): Found entity 1: ALU_tb File: C:/Users/spark/OneDrive/Escritorio/Proyecto/rchavarria-digital-design-lab-2024/Laboratorio2/ALU_tb.sv Line: 1
Info (12021): Found 1 design units, including 1 entities, in source file displayconverter.sv
    Info (12023): Found entity 1: displayConverter File: C:/Users/spark/OneDrive/Escritorio/Proyecto/rchavarria-digital-design-lab-2024/Laboratorio2/displayConverter.sv Line: 1
Info (12127): Elaborating entity "ALU" for the top level hierarchy
Warning (10240): Verilog HDL Always Construct warning at ALU.sv(34): inferring latch(es) for variable "tempOf", which holds its previous value in one or more paths through the always construct File: C:/Users/spark/OneDrive/Escritorio/Proyecto/rchavarria-digital-design-lab-2024/Laboratorio2/ALU.sv Line: 34
Warning (10240): Verilog HDL Always Construct warning at ALU.sv(34): inferring latch(es) for variable "tempCarry", which holds its previous value in one or more paths through the always construct File: C:/Users/spark/OneDrive/Escritorio/Proyecto/rchavarria-digital-design-lab-2024/Laboratorio2/ALU.sv Line: 34
Warning (10230): Verilog HDL assignment warning at ALU.sv(93): truncated value with size 32 to match size of target (1) File: C:/Users/spark/OneDrive/Escritorio/Proyecto/rchavarria-digital-design-lab-2024/Laboratorio2/ALU.sv Line: 93
Info (10041): Inferred latch for "tempCarry" at ALU.sv(34) File: C:/Users/spark/OneDrive/Escritorio/Proyecto/rchavarria-digital-design-lab-2024/Laboratorio2/ALU.sv Line: 34
Info (10041): Inferred latch for "tempOf" at ALU.sv(34) File: C:/Users/spark/OneDrive/Escritorio/Proyecto/rchavarria-digital-design-lab-2024/Laboratorio2/ALU.sv Line: 34
Info (12128): Elaborating entity "OpSuma" for hierarchy "OpSuma:sum" File: C:/Users/spark/OneDrive/Escritorio/Proyecto/rchavarria-digital-design-lab-2024/Laboratorio2/ALU.sv Line: 18
Warning (10230): Verilog HDL assignment warning at OpSuma.sv(32): truncated value with size 32 to match size of target (1) File: C:/Users/spark/OneDrive/Escritorio/Proyecto/rchavarria-digital-design-lab-2024/Laboratorio2/OpSuma.sv Line: 32
Warning (10230): Verilog HDL assignment warning at OpSuma.sv(36): truncated value with size 32 to match size of target (1) File: C:/Users/spark/OneDrive/Escritorio/Proyecto/rchavarria-digital-design-lab-2024/Laboratorio2/OpSuma.sv Line: 36
Info (12128): Elaborating entity "SumadorCompleto" for hierarchy "OpSuma:sum|SumadorCompleto:gen_for[0].SumCom" File: C:/Users/spark/OneDrive/Escritorio/Proyecto/rchavarria-digital-design-lab-2024/Laboratorio2/OpSuma.sv Line: 21
Info (12128): Elaborating entity "OpMult" for hierarchy "OpMult:mult" File: C:/Users/spark/OneDrive/Escritorio/Proyecto/rchavarria-digital-design-lab-2024/Laboratorio2/ALU.sv Line: 20
Warning (10230): Verilog HDL assignment warning at OpMult.sv(20): truncated value with size 32 to match size of target (1) File: C:/Users/spark/OneDrive/Escritorio/Proyecto/rchavarria-digital-design-lab-2024/Laboratorio2/OpMult.sv Line: 20
Info (12128): Elaborating entity "OpDiv" for hierarchy "OpDiv:div" File: C:/Users/spark/OneDrive/Escritorio/Proyecto/rchavarria-digital-design-lab-2024/Laboratorio2/ALU.sv Line: 21
Warning (10230): Verilog HDL assignment warning at OpDiv.sv(20): truncated value with size 32 to match size of target (4) File: C:/Users/spark/OneDrive/Escritorio/Proyecto/rchavarria-digital-design-lab-2024/Laboratorio2/OpDiv.sv Line: 20
Warning (10230): Verilog HDL assignment warning at OpDiv.sv(27): truncated value with size 32 to match size of target (1) File: C:/Users/spark/OneDrive/Escritorio/Proyecto/rchavarria-digital-design-lab-2024/Laboratorio2/OpDiv.sv Line: 27
Info (12128): Elaborating entity "ShiftLeft" for hierarchy "ShiftLeft:sll" File: C:/Users/spark/OneDrive/Escritorio/Proyecto/rchavarria-digital-design-lab-2024/Laboratorio2/ALU.sv Line: 24
Warning (10230): Verilog HDL assignment warning at ShiftLeft.sv(12): truncated value with size 32 to match size of target (1) File: C:/Users/spark/OneDrive/Escritorio/Proyecto/rchavarria-digital-design-lab-2024/Laboratorio2/ShiftLeft.sv Line: 12
Info (12128): Elaborating entity "ShiftRight" for hierarchy "ShiftRight:srl" File: C:/Users/spark/OneDrive/Escritorio/Proyecto/rchavarria-digital-design-lab-2024/Laboratorio2/ALU.sv Line: 25
Info (12128): Elaborating entity "AndModule" for hierarchy "AndModule:andG" File: C:/Users/spark/OneDrive/Escritorio/Proyecto/rchavarria-digital-design-lab-2024/Laboratorio2/ALU.sv Line: 27
Info (12128): Elaborating entity "OrModule" for hierarchy "OrModule:orG" File: C:/Users/spark/OneDrive/Escritorio/Proyecto/rchavarria-digital-design-lab-2024/Laboratorio2/ALU.sv Line: 28
Info (12128): Elaborating entity "XorModule" for hierarchy "XorModule:xorG" File: C:/Users/spark/OneDrive/Escritorio/Proyecto/rchavarria-digital-design-lab-2024/Laboratorio2/ALU.sv Line: 29
Warning (12241): 1 hierarchies have connectivity warnings - see the Connectivity Checks report folder
Info: Quartus Prime Analysis & Elaboration was successful. 0 errors, 11 warnings
    Info: Peak virtual memory: 4786 megabytes
    Info: Processing ended: Mon Mar  4 17:24:42 2024
    Info: Elapsed time: 00:00:05
    Info: Total CPU time (on all processors): 00:00:12


