Analysis & Synthesis report for ALU
Mon Mar  4 22:56:48 2024
Quartus Prime Version 22.1std.0 Build 915 10/25/2022 SC Lite Edition


---------------------
; Table of Contents ;
---------------------
  1. Legal Notice
  2. Analysis & Synthesis Summary
  3. Analysis & Synthesis Settings
  4. Parallel Compilation
  5. Analysis & Synthesis Source Files Read
  6. Analysis & Synthesis Resource Usage Summary
  7. Analysis & Synthesis Resource Utilization by Entity
  8. User-Specified and Inferred Latches
  9. General Register Statistics
 10. Parameter Settings for User Entity Instance: Top-level Entity: |ALU
 11. Parameter Settings for User Entity Instance: OpSuma:sum
 12. Parameter Settings for User Entity Instance: OpSuma:res
 13. Parameter Settings for User Entity Instance: OpMult:mult
 14. Parameter Settings for User Entity Instance: OpDiv:div
 15. Parameter Settings for User Entity Instance: ShiftLeft:sll
 16. Parameter Settings for User Entity Instance: ShiftRight:srl
 17. Parameter Settings for User Entity Instance: AndModule:andG
 18. Parameter Settings for User Entity Instance: OrModule:orG
 19. Parameter Settings for User Entity Instance: XorModule:xorG
 20. Port Connectivity Checks: "OpMult:mult"
 21. Port Connectivity Checks: "OpSuma:res"
 22. Port Connectivity Checks: "OpSuma:sum"
 23. Post-Synthesis Netlist Statistics for Top Partition
 24. Elapsed Time Per Partition
 25. Analysis & Synthesis Messages



----------------
; Legal Notice ;
----------------
Copyright (C) 2022  Intel Corporation. All rights reserved.
Your use of Intel Corporation's design tools, logic functions 
and other software and tools, and any partner logic 
functions, and any output files from any of the foregoing 
(including device programming or simulation files), and any 
associated documentation or information are expressly subject 
to the terms and conditions of the Intel Program License 
Subscription Agreement, the Intel Quartus Prime License Agreement,
the Intel FPGA IP License Agreement, or other applicable license
agreement, including, without limitation, that your use is for
the sole purpose of programming logic devices manufactured by
Intel and sold by Intel or its authorized distributors.  Please
refer to the applicable agreement for further details, at
https://fpgasoftware.intel.com/eula.



+----------------------------------------------------------------------------------+
; Analysis & Synthesis Summary                                                     ;
+---------------------------------+------------------------------------------------+
; Analysis & Synthesis Status     ; Successful - Mon Mar  4 22:56:48 2024          ;
; Quartus Prime Version           ; 22.1std.0 Build 915 10/25/2022 SC Lite Edition ;
; Revision Name                   ; ALU                                            ;
; Top-level Entity Name           ; ALU                                            ;
; Family                          ; Cyclone V                                      ;
; Logic utilization (in ALMs)     ; N/A                                            ;
; Total registers                 ; 0                                              ;
; Total pins                      ; 27                                             ;
; Total virtual pins              ; 0                                              ;
; Total block memory bits         ; 0                                              ;
; Total DSP Blocks                ; 0                                              ;
; Total HSSI RX PCSs              ; 0                                              ;
; Total HSSI PMA RX Deserializers ; 0                                              ;
; Total HSSI TX PCSs              ; 0                                              ;
; Total HSSI PMA TX Serializers   ; 0                                              ;
; Total PLLs                      ; 0                                              ;
; Total DLLs                      ; 0                                              ;
+---------------------------------+------------------------------------------------+


+---------------------------------------------------------------------------------------------------------------------------+
; Analysis & Synthesis Settings                                                                                             ;
+---------------------------------------------------------------------------------+--------------------+--------------------+
; Option                                                                          ; Setting            ; Default Value      ;
+---------------------------------------------------------------------------------+--------------------+--------------------+
; Device                                                                          ; 5CSEMA5F31C6       ;                    ;
; Top-level entity name                                                           ; ALU                ; ALU                ;
; Family name                                                                     ; Cyclone V          ; Cyclone V          ;
; Use smart compilation                                                           ; Off                ; Off                ;
; Enable parallel Assembler and Timing Analyzer during compilation                ; On                 ; On                 ;
; Enable compact report table                                                     ; Off                ; Off                ;
; Restructure Multiplexers                                                        ; Auto               ; Auto               ;
; MLAB Add Timing Constraints For Mixed-Port Feed-Through Mode Setting Don't Care ; Off                ; Off                ;
; Create Debugging Nodes for IP Cores                                             ; Off                ; Off                ;
; Preserve fewer node names                                                       ; On                 ; On                 ;
; Intel FPGA IP Evaluation Mode                                                   ; Enable             ; Enable             ;
; Verilog Version                                                                 ; Verilog_2001       ; Verilog_2001       ;
; VHDL Version                                                                    ; VHDL_1993          ; VHDL_1993          ;
; State Machine Processing                                                        ; Auto               ; Auto               ;
; Safe State Machine                                                              ; Off                ; Off                ;
; Extract Verilog State Machines                                                  ; On                 ; On                 ;
; Extract VHDL State Machines                                                     ; On                 ; On                 ;
; Ignore Verilog initial constructs                                               ; Off                ; Off                ;
; Iteration limit for constant Verilog loops                                      ; 5000               ; 5000               ;
; Iteration limit for non-constant Verilog loops                                  ; 250                ; 250                ;
; Add Pass-Through Logic to Inferred RAMs                                         ; On                 ; On                 ;
; Infer RAMs from Raw Logic                                                       ; On                 ; On                 ;
; Parallel Synthesis                                                              ; On                 ; On                 ;
; DSP Block Balancing                                                             ; Auto               ; Auto               ;
; NOT Gate Push-Back                                                              ; On                 ; On                 ;
; Power-Up Don't Care                                                             ; On                 ; On                 ;
; Remove Redundant Logic Cells                                                    ; Off                ; Off                ;
; Remove Duplicate Registers                                                      ; On                 ; On                 ;
; Ignore CARRY Buffers                                                            ; Off                ; Off                ;
; Ignore CASCADE Buffers                                                          ; Off                ; Off                ;
; Ignore GLOBAL Buffers                                                           ; Off                ; Off                ;
; Ignore ROW GLOBAL Buffers                                                       ; Off                ; Off                ;
; Ignore LCELL Buffers                                                            ; Off                ; Off                ;
; Ignore SOFT Buffers                                                             ; On                 ; On                 ;
; Limit AHDL Integers to 32 Bits                                                  ; Off                ; Off                ;
; Optimization Technique                                                          ; Balanced           ; Balanced           ;
; Carry Chain Length                                                              ; 70                 ; 70                 ;
; Auto Carry Chains                                                               ; On                 ; On                 ;
; Auto Open-Drain Pins                                                            ; On                 ; On                 ;
; Perform WYSIWYG Primitive Resynthesis                                           ; Off                ; Off                ;
; Auto ROM Replacement                                                            ; On                 ; On                 ;
; Auto RAM Replacement                                                            ; On                 ; On                 ;
; Auto DSP Block Replacement                                                      ; On                 ; On                 ;
; Auto Shift Register Replacement                                                 ; Auto               ; Auto               ;
; Allow Shift Register Merging across Hierarchies                                 ; Auto               ; Auto               ;
; Auto Clock Enable Replacement                                                   ; On                 ; On                 ;
; Strict RAM Replacement                                                          ; Off                ; Off                ;
; Allow Synchronous Control Signals                                               ; On                 ; On                 ;
; Force Use of Synchronous Clear Signals                                          ; Off                ; Off                ;
; Auto Resource Sharing                                                           ; Off                ; Off                ;
; Allow Any RAM Size For Recognition                                              ; Off                ; Off                ;
; Allow Any ROM Size For Recognition                                              ; Off                ; Off                ;
; Allow Any Shift Register Size For Recognition                                   ; Off                ; Off                ;
; Use LogicLock Constraints during Resource Balancing                             ; On                 ; On                 ;
; Ignore translate_off and synthesis_off directives                               ; Off                ; Off                ;
; Timing-Driven Synthesis                                                         ; On                 ; On                 ;
; Report Parameter Settings                                                       ; On                 ; On                 ;
; Report Source Assignments                                                       ; On                 ; On                 ;
; Report Connectivity Checks                                                      ; On                 ; On                 ;
; Ignore Maximum Fan-Out Assignments                                              ; Off                ; Off                ;
; Synchronization Register Chain Length                                           ; 3                  ; 3                  ;
; Power Optimization During Synthesis                                             ; Normal compilation ; Normal compilation ;
; HDL message level                                                               ; Level2             ; Level2             ;
; Suppress Register Optimization Related Messages                                 ; Off                ; Off                ;
; Number of Removed Registers Reported in Synthesis Report                        ; 5000               ; 5000               ;
; Number of Swept Nodes Reported in Synthesis Report                              ; 5000               ; 5000               ;
; Number of Inverted Registers Reported in Synthesis Report                       ; 100                ; 100                ;
; Clock MUX Protection                                                            ; On                 ; On                 ;
; Auto Gated Clock Conversion                                                     ; Off                ; Off                ;
; Block Design Naming                                                             ; Auto               ; Auto               ;
; SDC constraint protection                                                       ; Off                ; Off                ;
; Synthesis Effort                                                                ; Auto               ; Auto               ;
; Shift Register Replacement - Allow Asynchronous Clear Signal                    ; On                 ; On                 ;
; Pre-Mapping Resynthesis Optimization                                            ; Off                ; Off                ;
; Analysis & Synthesis Message Level                                              ; Medium             ; Medium             ;
; Disable Register Merging Across Hierarchies                                     ; Auto               ; Auto               ;
; Resource Aware Inference For Block RAM                                          ; On                 ; On                 ;
; Automatic Parallel Synthesis                                                    ; On                 ; On                 ;
; Partial Reconfiguration Bitstream ID                                            ; Off                ; Off                ;
+---------------------------------------------------------------------------------+--------------------+--------------------+


+------------------------------------------+
; Parallel Compilation                     ;
+----------------------------+-------------+
; Processors                 ; Number      ;
+----------------------------+-------------+
; Number detected on machine ; 12          ;
; Maximum allowed            ; 12          ;
;                            ;             ;
; Average used               ; 1.00        ;
; Maximum used               ; 12          ;
;                            ;             ;
; Usage by Processor         ; % Time Used ;
;     Processor 1            ; 100.0%      ;
;     Processors 2-12        ;   0.0%      ;
+----------------------------+-------------+


+------------------------------------------------------------------------------------------------------------------------------------------------------------------------------------------+
; Analysis & Synthesis Source Files Read                                                                                                                                                   ;
+----------------------------------+-----------------+------------------------------+--------------------------------------------------------------------------------------------+---------+
; File Name with User-Entered Path ; Used in Netlist ; File Type                    ; File Name with Absolute Path                                                               ; Library ;
+----------------------------------+-----------------+------------------------------+--------------------------------------------------------------------------------------------+---------+
; XorModule.sv                     ; yes             ; User SystemVerilog HDL File  ; E:/Users/Usuario/Documents/grupo8-digital-design-lab-2024/Laboratorio2/XorModule.sv        ;         ;
; ShiftRight.sv                    ; yes             ; User SystemVerilog HDL File  ; E:/Users/Usuario/Documents/grupo8-digital-design-lab-2024/Laboratorio2/ShiftRight.sv       ;         ;
; ShiftLeft.sv                     ; yes             ; User SystemVerilog HDL File  ; E:/Users/Usuario/Documents/grupo8-digital-design-lab-2024/Laboratorio2/ShiftLeft.sv        ;         ;
; OrModule.sv                      ; yes             ; User SystemVerilog HDL File  ; E:/Users/Usuario/Documents/grupo8-digital-design-lab-2024/Laboratorio2/OrModule.sv         ;         ;
; AndModule.sv                     ; yes             ; User SystemVerilog HDL File  ; E:/Users/Usuario/Documents/grupo8-digital-design-lab-2024/Laboratorio2/AndModule.sv        ;         ;
; ALU.sv                           ; yes             ; User SystemVerilog HDL File  ; E:/Users/Usuario/Documents/grupo8-digital-design-lab-2024/Laboratorio2/ALU.sv              ;         ;
; SumadorCompleto.sv               ; yes             ; User SystemVerilog HDL File  ; E:/Users/Usuario/Documents/grupo8-digital-design-lab-2024/Laboratorio2/SumadorCompleto.sv  ;         ;
; OpSuma.sv                        ; yes             ; User SystemVerilog HDL File  ; E:/Users/Usuario/Documents/grupo8-digital-design-lab-2024/Laboratorio2/OpSuma.sv           ;         ;
; OpMult.sv                        ; yes             ; User SystemVerilog HDL File  ; E:/Users/Usuario/Documents/grupo8-digital-design-lab-2024/Laboratorio2/OpMult.sv           ;         ;
; OpDiv.sv                         ; yes             ; User SystemVerilog HDL File  ; E:/Users/Usuario/Documents/grupo8-digital-design-lab-2024/Laboratorio2/OpDiv.sv            ;         ;
; displayConverter.sv              ; yes             ; User SystemVerilog HDL File  ; E:/Users/Usuario/Documents/grupo8-digital-design-lab-2024/Laboratorio2/displayConverter.sv ;         ;
+----------------------------------+-----------------+------------------------------+--------------------------------------------------------------------------------------------+---------+


+----------------------------------------------------------+
; Analysis & Synthesis Resource Usage Summary              ;
+---------------------------------------------+------------+
; Resource                                    ; Usage      ;
+---------------------------------------------+------------+
; Estimate of Logic utilization (ALMs needed) ; 67         ;
;                                             ;            ;
; Combinational ALUT usage for logic          ; 100        ;
;     -- 7 input functions                    ; 5          ;
;     -- 6 input functions                    ; 28         ;
;     -- 5 input functions                    ; 14         ;
;     -- 4 input functions                    ; 21         ;
;     -- <=3 input functions                  ; 32         ;
;                                             ;            ;
; Dedicated logic registers                   ; 0          ;
;                                             ;            ;
; I/O pins                                    ; 27         ;
;                                             ;            ;
; Total DSP Blocks                            ; 0          ;
;                                             ;            ;
; Maximum fan-out node                        ; b[1]~input ;
; Maximum fan-out                             ; 30         ;
; Total fan-out                               ; 491        ;
; Average fan-out                             ; 3.19       ;
+---------------------------------------------+------------+


+------------------------------------------------------------------------------------------------------------------------------------------------------------------------------------------------------------------------------------------+
; Analysis & Synthesis Resource Utilization by Entity                                                                                                                                                                                      ;
+-------------------------------------------+---------------------+---------------------------+-------------------+------------+------+--------------+---------------------------------------------------+------------------+--------------+
; Compilation Hierarchy Node                ; Combinational ALUTs ; Dedicated Logic Registers ; Block Memory Bits ; DSP Blocks ; Pins ; Virtual Pins ; Full Hierarchy Name                               ; Entity Name      ; Library Name ;
+-------------------------------------------+---------------------+---------------------------+-------------------+------------+------+--------------+---------------------------------------------------+------------------+--------------+
; |ALU                                      ; 100 (36)            ; 0 (0)                     ; 0                 ; 0          ; 27   ; 0            ; |ALU                                              ; ALU              ; work         ;
;    |OpDiv:div|                            ; 27 (27)             ; 0 (0)                     ; 0                 ; 0          ; 0    ; 0            ; |ALU|OpDiv:div                                    ; OpDiv            ; work         ;
;    |OpMult:mult|                          ; 21 (21)             ; 0 (0)                     ; 0                 ; 0          ; 0    ; 0            ; |ALU|OpMult:mult                                  ; OpMult           ; work         ;
;    |OpSuma:res|                           ; 5 (1)               ; 0 (0)                     ; 0                 ; 0          ; 0    ; 0            ; |ALU|OpSuma:res                                   ; OpSuma           ; work         ;
;       |SumadorCompleto:gen_for[1].SumCom| ; 1 (1)               ; 0 (0)                     ; 0                 ; 0          ; 0    ; 0            ; |ALU|OpSuma:res|SumadorCompleto:gen_for[1].SumCom ; SumadorCompleto  ; work         ;
;       |SumadorCompleto:gen_for[2].SumCom| ; 2 (2)               ; 0 (0)                     ; 0                 ; 0          ; 0    ; 0            ; |ALU|OpSuma:res|SumadorCompleto:gen_for[2].SumCom ; SumadorCompleto  ; work         ;
;       |SumadorCompleto:gen_for[3].SumCom| ; 1 (1)               ; 0 (0)                     ; 0                 ; 0          ; 0    ; 0            ; |ALU|OpSuma:res|SumadorCompleto:gen_for[3].SumCom ; SumadorCompleto  ; work         ;
;    |OpSuma:sum|                           ; 4 (0)               ; 0 (0)                     ; 0                 ; 0          ; 0    ; 0            ; |ALU|OpSuma:sum                                   ; OpSuma           ; work         ;
;       |SumadorCompleto:gen_for[1].SumCom| ; 1 (1)               ; 0 (0)                     ; 0                 ; 0          ; 0    ; 0            ; |ALU|OpSuma:sum|SumadorCompleto:gen_for[1].SumCom ; SumadorCompleto  ; work         ;
;       |SumadorCompleto:gen_for[2].SumCom| ; 2 (2)               ; 0 (0)                     ; 0                 ; 0          ; 0    ; 0            ; |ALU|OpSuma:sum|SumadorCompleto:gen_for[2].SumCom ; SumadorCompleto  ; work         ;
;       |SumadorCompleto:gen_for[3].SumCom| ; 1 (1)               ; 0 (0)                     ; 0                 ; 0          ; 0    ; 0            ; |ALU|OpSuma:sum|SumadorCompleto:gen_for[3].SumCom ; SumadorCompleto  ; work         ;
;    |displayConverter:numDisplay|          ; 7 (7)               ; 0 (0)                     ; 0                 ; 0          ; 0    ; 0            ; |ALU|displayConverter:numDisplay                  ; displayConverter ; work         ;
+-------------------------------------------+---------------------+---------------------------+-------------------+------------+------+--------------+---------------------------------------------------+------------------+--------------+
Note: For table entries with two numbers listed, the numbers in parentheses indicate the number of resources of the given type used by the specific entity alone. The numbers listed outside of parentheses indicate the total resources of the given type used by the specific entity and all of its sub-entities in the hierarchy.


+---------------------------------------------------------------------------------------------------+
; User-Specified and Inferred Latches                                                               ;
+----------------------------------------------------+---------------------+------------------------+
; Latch Name                                         ; Latch Enable Signal ; Free of Timing Hazards ;
+----------------------------------------------------+---------------------+------------------------+
; tempCode[2]                                        ; Equal0              ; yes                    ;
; tempCode[3]                                        ; Equal0              ; yes                    ;
; tempCode[0]                                        ; Equal0              ; yes                    ;
; tempCode[1]                                        ; Equal0              ; yes                    ;
; tempCarry                                          ; WideOr0             ; yes                    ;
; tempOf                                             ; Mux5                ; yes                    ;
; Number of user-specified and inferred latches = 6  ;                     ;                        ;
+----------------------------------------------------+---------------------+------------------------+
Note: All latches listed above may not be present at the end of synthesis due to various synthesis optimizations.


+------------------------------------------------------+
; General Register Statistics                          ;
+----------------------------------------------+-------+
; Statistic                                    ; Value ;
+----------------------------------------------+-------+
; Total registers                              ; 0     ;
; Number of registers using Synchronous Clear  ; 0     ;
; Number of registers using Synchronous Load   ; 0     ;
; Number of registers using Asynchronous Clear ; 0     ;
; Number of registers using Asynchronous Load  ; 0     ;
; Number of registers using Clock Enable       ; 0     ;
; Number of registers using Preset             ; 0     ;
+----------------------------------------------+-------+


+---------------------------------------------------------------------+
; Parameter Settings for User Entity Instance: Top-level Entity: |ALU ;
+----------------+-------+--------------------------------------------+
; Parameter Name ; Value ; Type                                       ;
+----------------+-------+--------------------------------------------+
; N              ; 4     ; Signed Integer                             ;
+----------------+-------+--------------------------------------------+
Note: In order to hide this table in the UI and the text report file, please set the "Show Parameter Settings in Synthesis Report" option in "Analysis and Synthesis Settings -> More Settings" to "Off".


+---------------------------------------------------------+
; Parameter Settings for User Entity Instance: OpSuma:sum ;
+----------------+-------+--------------------------------+
; Parameter Name ; Value ; Type                           ;
+----------------+-------+--------------------------------+
; N              ; 4     ; Signed Integer                 ;
+----------------+-------+--------------------------------+
Note: In order to hide this table in the UI and the text report file, please set the "Show Parameter Settings in Synthesis Report" option in "Analysis and Synthesis Settings -> More Settings" to "Off".


+---------------------------------------------------------+
; Parameter Settings for User Entity Instance: OpSuma:res ;
+----------------+-------+--------------------------------+
; Parameter Name ; Value ; Type                           ;
+----------------+-------+--------------------------------+
; N              ; 4     ; Signed Integer                 ;
+----------------+-------+--------------------------------+
Note: In order to hide this table in the UI and the text report file, please set the "Show Parameter Settings in Synthesis Report" option in "Analysis and Synthesis Settings -> More Settings" to "Off".


+----------------------------------------------------------+
; Parameter Settings for User Entity Instance: OpMult:mult ;
+----------------+-------+---------------------------------+
; Parameter Name ; Value ; Type                            ;
+----------------+-------+---------------------------------+
; N              ; 4     ; Signed Integer                  ;
+----------------+-------+---------------------------------+
Note: In order to hide this table in the UI and the text report file, please set the "Show Parameter Settings in Synthesis Report" option in "Analysis and Synthesis Settings -> More Settings" to "Off".


+--------------------------------------------------------+
; Parameter Settings for User Entity Instance: OpDiv:div ;
+----------------+-------+-------------------------------+
; Parameter Name ; Value ; Type                          ;
+----------------+-------+-------------------------------+
; N              ; 4     ; Signed Integer                ;
+----------------+-------+-------------------------------+
Note: In order to hide this table in the UI and the text report file, please set the "Show Parameter Settings in Synthesis Report" option in "Analysis and Synthesis Settings -> More Settings" to "Off".


+------------------------------------------------------------+
; Parameter Settings for User Entity Instance: ShiftLeft:sll ;
+----------------+-------+-----------------------------------+
; Parameter Name ; Value ; Type                              ;
+----------------+-------+-----------------------------------+
; N              ; 4     ; Signed Integer                    ;
+----------------+-------+-----------------------------------+
Note: In order to hide this table in the UI and the text report file, please set the "Show Parameter Settings in Synthesis Report" option in "Analysis and Synthesis Settings -> More Settings" to "Off".


+-------------------------------------------------------------+
; Parameter Settings for User Entity Instance: ShiftRight:srl ;
+----------------+-------+------------------------------------+
; Parameter Name ; Value ; Type                               ;
+----------------+-------+------------------------------------+
; N              ; 4     ; Signed Integer                     ;
+----------------+-------+------------------------------------+
Note: In order to hide this table in the UI and the text report file, please set the "Show Parameter Settings in Synthesis Report" option in "Analysis and Synthesis Settings -> More Settings" to "Off".


+-------------------------------------------------------------+
; Parameter Settings for User Entity Instance: AndModule:andG ;
+----------------+-------+------------------------------------+
; Parameter Name ; Value ; Type                               ;
+----------------+-------+------------------------------------+
; N              ; 4     ; Signed Integer                     ;
+----------------+-------+------------------------------------+
Note: In order to hide this table in the UI and the text report file, please set the "Show Parameter Settings in Synthesis Report" option in "Analysis and Synthesis Settings -> More Settings" to "Off".


+-----------------------------------------------------------+
; Parameter Settings for User Entity Instance: OrModule:orG ;
+----------------+-------+----------------------------------+
; Parameter Name ; Value ; Type                             ;
+----------------+-------+----------------------------------+
; N              ; 4     ; Signed Integer                   ;
+----------------+-------+----------------------------------+
Note: In order to hide this table in the UI and the text report file, please set the "Show Parameter Settings in Synthesis Report" option in "Analysis and Synthesis Settings -> More Settings" to "Off".


+-------------------------------------------------------------+
; Parameter Settings for User Entity Instance: XorModule:xorG ;
+----------------+-------+------------------------------------+
; Parameter Name ; Value ; Type                               ;
+----------------+-------+------------------------------------+
; N              ; 4     ; Signed Integer                     ;
+----------------+-------+------------------------------------+
Note: In order to hide this table in the UI and the text report file, please set the "Show Parameter Settings in Synthesis Report" option in "Analysis and Synthesis Settings -> More Settings" to "Off".


+-------------------------------------------------------------------------------------------------------------------------------------------------+
; Port Connectivity Checks: "OpMult:mult"                                                                                                         ;
+------+--------+----------+----------------------------------------------------------------------------------------------------------------------+
; Port ; Type   ; Severity ; Details                                                                                                              ;
+------+--------+----------+----------------------------------------------------------------------------------------------------------------------+
; C    ; Output ; Warning  ; Output or bidir port (8 bits) is wider than the port expression (4 bits) it drives; bit(s) "C[7..4]" have no fanouts ;
+------+--------+----------+----------------------------------------------------------------------------------------------------------------------+


+----------------------------------------+
; Port Connectivity Checks: "OpSuma:res" ;
+------+-------+----------+--------------+
; Port ; Type  ; Severity ; Details      ;
+------+-------+----------+--------------+
; Cin  ; Input ; Info     ; Stuck at VCC ;
+------+-------+----------+--------------+


+----------------------------------------+
; Port Connectivity Checks: "OpSuma:sum" ;
+------+-------+----------+--------------+
; Port ; Type  ; Severity ; Details      ;
+------+-------+----------+--------------+
; Cin  ; Input ; Info     ; Stuck at GND ;
+------+-------+----------+--------------+


+-----------------------------------------------------+
; Post-Synthesis Netlist Statistics for Top Partition ;
+-----------------------+-----------------------------+
; Type                  ; Count                       ;
+-----------------------+-----------------------------+
; arriav_lcell_comb     ; 101                         ;
;     arith             ; 20                          ;
;         0 data inputs ; 4                           ;
;         1 data inputs ; 1                           ;
;         2 data inputs ; 1                           ;
;         3 data inputs ; 6                           ;
;         4 data inputs ; 2                           ;
;         5 data inputs ; 6                           ;
;     extend            ; 5                           ;
;         7 data inputs ; 5                           ;
;     normal            ; 76                          ;
;         1 data inputs ; 1                           ;
;         2 data inputs ; 5                           ;
;         3 data inputs ; 15                          ;
;         4 data inputs ; 19                          ;
;         5 data inputs ; 8                           ;
;         6 data inputs ; 28                          ;
; boundary_port         ; 27                          ;
;                       ;                             ;
; Max LUT depth         ; 8.20                        ;
; Average LUT depth     ; 6.54                        ;
+-----------------------+-----------------------------+


+-------------------------------+
; Elapsed Time Per Partition    ;
+----------------+--------------+
; Partition Name ; Elapsed Time ;
+----------------+--------------+
; Top            ; 00:00:00     ;
+----------------+--------------+


+-------------------------------+
; Analysis & Synthesis Messages ;
+-------------------------------+
Info: *******************************************************************
Info: Running Quartus Prime Analysis & Synthesis
    Info: Version 22.1std.0 Build 915 10/25/2022 SC Lite Edition
    Info: Processing started: Mon Mar  4 22:56:39 2024
Info: Command: quartus_map --read_settings_files=on --write_settings_files=off ALU -c ALU
Warning (18236): Number of processors has not been specified which may cause overloading on shared machines.  Set the global assignment NUM_PARALLEL_PROCESSORS in your QSF to an appropriate value for best performance.
Info (20030): Parallel compilation is enabled and will use 12 of the 12 processors detected
Info (12021): Found 1 design units, including 1 entities, in source file xormodule.sv
    Info (12023): Found entity 1: XorModule File: E:/Users/Usuario/Documents/grupo8-digital-design-lab-2024/Laboratorio2/XorModule.sv Line: 1
Info (12021): Found 1 design units, including 1 entities, in source file shiftright.sv
    Info (12023): Found entity 1: ShiftRight File: E:/Users/Usuario/Documents/grupo8-digital-design-lab-2024/Laboratorio2/ShiftRight.sv Line: 1
Info (12021): Found 1 design units, including 1 entities, in source file shiftleft.sv
    Info (12023): Found entity 1: ShiftLeft File: E:/Users/Usuario/Documents/grupo8-digital-design-lab-2024/Laboratorio2/ShiftLeft.sv Line: 1
Info (12021): Found 1 design units, including 1 entities, in source file ormodule.sv
    Info (12023): Found entity 1: OrModule File: E:/Users/Usuario/Documents/grupo8-digital-design-lab-2024/Laboratorio2/OrModule.sv Line: 1
Info (12021): Found 1 design units, including 1 entities, in source file andmodule.sv
    Info (12023): Found entity 1: AndModule File: E:/Users/Usuario/Documents/grupo8-digital-design-lab-2024/Laboratorio2/AndModule.sv Line: 1
Info (12021): Found 1 design units, including 1 entities, in source file alu.sv
    Info (12023): Found entity 1: ALU File: E:/Users/Usuario/Documents/grupo8-digital-design-lab-2024/Laboratorio2/ALU.sv Line: 1
Info (12021): Found 1 design units, including 1 entities, in source file sumadorcompleto.sv
    Info (12023): Found entity 1: SumadorCompleto File: E:/Users/Usuario/Documents/grupo8-digital-design-lab-2024/Laboratorio2/SumadorCompleto.sv Line: 1
Info (12021): Found 1 design units, including 1 entities, in source file opsuma.sv
    Info (12023): Found entity 1: OpSuma File: E:/Users/Usuario/Documents/grupo8-digital-design-lab-2024/Laboratorio2/OpSuma.sv Line: 1
Info (12021): Found 1 design units, including 1 entities, in source file opmult.sv
    Info (12023): Found entity 1: OpMult File: E:/Users/Usuario/Documents/grupo8-digital-design-lab-2024/Laboratorio2/OpMult.sv Line: 1
Info (12021): Found 1 design units, including 1 entities, in source file opdiv.sv
    Info (12023): Found entity 1: OpDiv File: E:/Users/Usuario/Documents/grupo8-digital-design-lab-2024/Laboratorio2/OpDiv.sv Line: 1
Info (12021): Found 1 design units, including 1 entities, in source file alu_tb.sv
    Info (12023): Found entity 1: ALU_tb File: E:/Users/Usuario/Documents/grupo8-digital-design-lab-2024/Laboratorio2/ALU_tb.sv Line: 1
Info (12021): Found 1 design units, including 1 entities, in source file displayconverter.sv
    Info (12023): Found entity 1: displayConverter File: E:/Users/Usuario/Documents/grupo8-digital-design-lab-2024/Laboratorio2/displayConverter.sv Line: 1
Info (12127): Elaborating entity "ALU" for the top level hierarchy
Warning (10235): Verilog HDL Always Construct warning at ALU.sv(34): variable "tempCode" is read inside the Always Construct but isn't in the Always Construct's Event Control File: E:/Users/Usuario/Documents/grupo8-digital-design-lab-2024/Laboratorio2/ALU.sv Line: 34
Warning (10240): Verilog HDL Always Construct warning at ALU.sv(32): inferring latch(es) for variable "tempCode", which holds its previous value in one or more paths through the always construct File: E:/Users/Usuario/Documents/grupo8-digital-design-lab-2024/Laboratorio2/ALU.sv Line: 32
Warning (10240): Verilog HDL Always Construct warning at ALU.sv(43): inferring latch(es) for variable "tempOf", which holds its previous value in one or more paths through the always construct File: E:/Users/Usuario/Documents/grupo8-digital-design-lab-2024/Laboratorio2/ALU.sv Line: 43
Warning (10240): Verilog HDL Always Construct warning at ALU.sv(43): inferring latch(es) for variable "tempCarry", which holds its previous value in one or more paths through the always construct File: E:/Users/Usuario/Documents/grupo8-digital-design-lab-2024/Laboratorio2/ALU.sv Line: 43
Warning (10230): Verilog HDL assignment warning at ALU.sv(102): truncated value with size 32 to match size of target (1) File: E:/Users/Usuario/Documents/grupo8-digital-design-lab-2024/Laboratorio2/ALU.sv Line: 102
Info (10041): Inferred latch for "tempCarry" at ALU.sv(43) File: E:/Users/Usuario/Documents/grupo8-digital-design-lab-2024/Laboratorio2/ALU.sv Line: 43
Info (10041): Inferred latch for "tempOf" at ALU.sv(43) File: E:/Users/Usuario/Documents/grupo8-digital-design-lab-2024/Laboratorio2/ALU.sv Line: 43
Info (10041): Inferred latch for "tempCode[0]" at ALU.sv(36) File: E:/Users/Usuario/Documents/grupo8-digital-design-lab-2024/Laboratorio2/ALU.sv Line: 36
Info (10041): Inferred latch for "tempCode[1]" at ALU.sv(36) File: E:/Users/Usuario/Documents/grupo8-digital-design-lab-2024/Laboratorio2/ALU.sv Line: 36
Info (10041): Inferred latch for "tempCode[2]" at ALU.sv(36) File: E:/Users/Usuario/Documents/grupo8-digital-design-lab-2024/Laboratorio2/ALU.sv Line: 36
Info (10041): Inferred latch for "tempCode[3]" at ALU.sv(36) File: E:/Users/Usuario/Documents/grupo8-digital-design-lab-2024/Laboratorio2/ALU.sv Line: 36
Info (12128): Elaborating entity "OpSuma" for hierarchy "OpSuma:sum" File: E:/Users/Usuario/Documents/grupo8-digital-design-lab-2024/Laboratorio2/ALU.sv Line: 20
Warning (10230): Verilog HDL assignment warning at OpSuma.sv(32): truncated value with size 32 to match size of target (1) File: E:/Users/Usuario/Documents/grupo8-digital-design-lab-2024/Laboratorio2/OpSuma.sv Line: 32
Warning (10230): Verilog HDL assignment warning at OpSuma.sv(36): truncated value with size 32 to match size of target (1) File: E:/Users/Usuario/Documents/grupo8-digital-design-lab-2024/Laboratorio2/OpSuma.sv Line: 36
Info (12128): Elaborating entity "SumadorCompleto" for hierarchy "OpSuma:sum|SumadorCompleto:gen_for[0].SumCom" File: E:/Users/Usuario/Documents/grupo8-digital-design-lab-2024/Laboratorio2/OpSuma.sv Line: 21
Info (12128): Elaborating entity "OpMult" for hierarchy "OpMult:mult" File: E:/Users/Usuario/Documents/grupo8-digital-design-lab-2024/Laboratorio2/ALU.sv Line: 22
Warning (10230): Verilog HDL assignment warning at OpMult.sv(20): truncated value with size 32 to match size of target (1) File: E:/Users/Usuario/Documents/grupo8-digital-design-lab-2024/Laboratorio2/OpMult.sv Line: 20
Info (12128): Elaborating entity "OpDiv" for hierarchy "OpDiv:div" File: E:/Users/Usuario/Documents/grupo8-digital-design-lab-2024/Laboratorio2/ALU.sv Line: 23
Warning (10230): Verilog HDL assignment warning at OpDiv.sv(20): truncated value with size 32 to match size of target (4) File: E:/Users/Usuario/Documents/grupo8-digital-design-lab-2024/Laboratorio2/OpDiv.sv Line: 20
Warning (10230): Verilog HDL assignment warning at OpDiv.sv(27): truncated value with size 32 to match size of target (1) File: E:/Users/Usuario/Documents/grupo8-digital-design-lab-2024/Laboratorio2/OpDiv.sv Line: 27
Info (12128): Elaborating entity "ShiftLeft" for hierarchy "ShiftLeft:sll" File: E:/Users/Usuario/Documents/grupo8-digital-design-lab-2024/Laboratorio2/ALU.sv Line: 25
Warning (10230): Verilog HDL assignment warning at ShiftLeft.sv(12): truncated value with size 32 to match size of target (1) File: E:/Users/Usuario/Documents/grupo8-digital-design-lab-2024/Laboratorio2/ShiftLeft.sv Line: 12
Info (12128): Elaborating entity "ShiftRight" for hierarchy "ShiftRight:srl" File: E:/Users/Usuario/Documents/grupo8-digital-design-lab-2024/Laboratorio2/ALU.sv Line: 26
Info (12128): Elaborating entity "AndModule" for hierarchy "AndModule:andG" File: E:/Users/Usuario/Documents/grupo8-digital-design-lab-2024/Laboratorio2/ALU.sv Line: 28
Info (12128): Elaborating entity "OrModule" for hierarchy "OrModule:orG" File: E:/Users/Usuario/Documents/grupo8-digital-design-lab-2024/Laboratorio2/ALU.sv Line: 29
Info (12128): Elaborating entity "XorModule" for hierarchy "XorModule:xorG" File: E:/Users/Usuario/Documents/grupo8-digital-design-lab-2024/Laboratorio2/ALU.sv Line: 30
Info (12128): Elaborating entity "displayConverter" for hierarchy "displayConverter:numDisplay" File: E:/Users/Usuario/Documents/grupo8-digital-design-lab-2024/Laboratorio2/ALU.sv Line: 109
Warning (10272): Verilog HDL Case Statement warning at displayConverter.sv(15): case item expression covers a value already covered by a previous case item File: E:/Users/Usuario/Documents/grupo8-digital-design-lab-2024/Laboratorio2/displayConverter.sv Line: 15
Warning (10272): Verilog HDL Case Statement warning at displayConverter.sv(16): case item expression covers a value already covered by a previous case item File: E:/Users/Usuario/Documents/grupo8-digital-design-lab-2024/Laboratorio2/displayConverter.sv Line: 16
Warning (12241): 1 hierarchies have connectivity warnings - see the Connectivity Checks report folder
Warning (13012): Latch tempCode[2] has unsafe behavior File: E:/Users/Usuario/Documents/grupo8-digital-design-lab-2024/Laboratorio2/ALU.sv Line: 36
    Warning (13013): Ports D and ENA on the latch are fed by the same signal opCode[2] File: E:/Users/Usuario/Documents/grupo8-digital-design-lab-2024/Laboratorio2/ALU.sv Line: 4
Warning (13012): Latch tempCode[3] has unsafe behavior File: E:/Users/Usuario/Documents/grupo8-digital-design-lab-2024/Laboratorio2/ALU.sv Line: 36
    Warning (13013): Ports D and ENA on the latch are fed by the same signal opCode[3] File: E:/Users/Usuario/Documents/grupo8-digital-design-lab-2024/Laboratorio2/ALU.sv Line: 4
Warning (13012): Latch tempCode[0] has unsafe behavior File: E:/Users/Usuario/Documents/grupo8-digital-design-lab-2024/Laboratorio2/ALU.sv Line: 36
    Warning (13013): Ports D and ENA on the latch are fed by the same signal opCode[0] File: E:/Users/Usuario/Documents/grupo8-digital-design-lab-2024/Laboratorio2/ALU.sv Line: 4
Warning (13012): Latch tempCode[1] has unsafe behavior File: E:/Users/Usuario/Documents/grupo8-digital-design-lab-2024/Laboratorio2/ALU.sv Line: 36
    Warning (13013): Ports D and ENA on the latch are fed by the same signal opCode[1] File: E:/Users/Usuario/Documents/grupo8-digital-design-lab-2024/Laboratorio2/ALU.sv Line: 4
Warning (13012): Latch tempOf has unsafe behavior File: E:/Users/Usuario/Documents/grupo8-digital-design-lab-2024/Laboratorio2/ALU.sv Line: 43
    Warning (13013): Ports D and ENA on the latch are fed by the same signal tempCode[2] File: E:/Users/Usuario/Documents/grupo8-digital-design-lab-2024/Laboratorio2/ALU.sv Line: 36
Info (286030): Timing-Driven Synthesis is running
Info (16010): Generating hard_block partition "hard_block:auto_generated_inst"
    Info (16011): Adding 0 node(s), including 0 DDIO, 0 PLL, 0 transceiver and 0 LCELL
Info (21057): Implemented 127 device resources after synthesis - the final resource count might be different
    Info (21058): Implemented 12 input pins
    Info (21059): Implemented 15 output pins
    Info (21061): Implemented 100 logic cells
Info: Quartus Prime Analysis & Synthesis was successful. 0 errors, 25 warnings
    Info: Peak virtual memory: 4877 megabytes
    Info: Processing ended: Mon Mar  4 22:56:48 2024
    Info: Elapsed time: 00:00:09
    Info: Total CPU time (on all processors): 00:00:16


