Analysis & Elaboration report for final_proyect
Tue Jun  4 02:00:43 2024
Quartus Prime Version 22.1std.0 Build 915 10/25/2022 SC Lite Edition


---------------------
; Table of Contents ;
---------------------
  1. Legal Notice
  2. Analysis & Elaboration Summary
  3. Parallel Compilation
  4. Parameter Settings for User Entity Instance: MUX:pcsr
  5. Parameter Settings for User Entity Instance: MUX:regsrc0
  6. Parameter Settings for User Entity Instance: MUX:regsrc1
  7. Parameter Settings for User Entity Instance: MUX:alusr
  8. Parameter Settings for User Entity Instance: MUX:mem2reg
  9. Analysis & Elaboration Settings
 10. Port Connectivity Checks: "MUX:regsrc0"
 11. Port Connectivity Checks: "Adder:ADD8"
 12. Port Connectivity Checks: "Adder:ADD4"
 13. Analysis & Elaboration Messages



----------------
; Legal Notice ;
----------------
Copyright (C) 2022  Intel Corporation. All rights reserved.
Your use of Intel Corporation's design tools, logic functions 
and other software and tools, and any partner logic 
functions, and any output files from any of the foregoing 
(including device programming or simulation files), and any 
associated documentation or information are expressly subject 
to the terms and conditions of the Intel Program License 
Subscription Agreement, the Intel Quartus Prime License Agreement,
the Intel FPGA IP License Agreement, or other applicable license
agreement, including, without limitation, that your use is for
the sole purpose of programming logic devices manufactured by
Intel and sold by Intel or its authorized distributors.  Please
refer to the applicable agreement for further details, at
https://fpgasoftware.intel.com/eula.



+--------------------------------------------------------------------------------+
; Analysis & Elaboration Summary                                                 ;
+-------------------------------+------------------------------------------------+
; Analysis & Elaboration Status ; Successful - Tue Jun  4 02:00:43 2024          ;
; Quartus Prime Version         ; 22.1std.0 Build 915 10/25/2022 SC Lite Edition ;
; Revision Name                 ; final_proyect                                  ;
; Top-level Entity Name         ; processorTop                                   ;
; Family                        ; Cyclone V                                      ;
; Logic utilization (in ALMs)   ; N/A until Partition Merge                      ;
; Total registers               ; N/A until Partition Merge                      ;
; Total pins                    ; N/A until Partition Merge                      ;
; Total virtual pins            ; N/A until Partition Merge                      ;
; Total block memory bits       ; N/A until Partition Merge                      ;
; Total PLLs                    ; N/A until Partition Merge                      ;
; Total DLLs                    ; N/A until Partition Merge                      ;
+-------------------------------+------------------------------------------------+


+------------------------------------------+
; Parallel Compilation                     ;
+----------------------------+-------------+
; Processors                 ; Number      ;
+----------------------------+-------------+
; Number detected on machine ; 12          ;
; Maximum allowed            ; 12          ;
;                            ;             ;
; Average used               ; 1.00        ;
; Maximum used               ; 1           ;
;                            ;             ;
; Usage by Processor         ; % Time Used ;
;     Processor 1            ; 100.0%      ;
+----------------------------+-------------+


+-------------------------------------------------------+
; Parameter Settings for User Entity Instance: MUX:pcsr ;
+----------------+-------+------------------------------+
; Parameter Name ; Value ; Type                         ;
+----------------+-------+------------------------------+
; N              ; 32    ; Signed Integer               ;
+----------------+-------+------------------------------+
Note: In order to hide this table in the UI and the text report file, please set the "Show Parameter Settings in Synthesis Report" option in "Analysis and Synthesis Settings -> More Settings" to "Off".


+----------------------------------------------------------+
; Parameter Settings for User Entity Instance: MUX:regsrc0 ;
+----------------+-------+---------------------------------+
; Parameter Name ; Value ; Type                            ;
+----------------+-------+---------------------------------+
; N              ; 4     ; Signed Integer                  ;
+----------------+-------+---------------------------------+
Note: In order to hide this table in the UI and the text report file, please set the "Show Parameter Settings in Synthesis Report" option in "Analysis and Synthesis Settings -> More Settings" to "Off".


+----------------------------------------------------------+
; Parameter Settings for User Entity Instance: MUX:regsrc1 ;
+----------------+-------+---------------------------------+
; Parameter Name ; Value ; Type                            ;
+----------------+-------+---------------------------------+
; N              ; 4     ; Signed Integer                  ;
+----------------+-------+---------------------------------+
Note: In order to hide this table in the UI and the text report file, please set the "Show Parameter Settings in Synthesis Report" option in "Analysis and Synthesis Settings -> More Settings" to "Off".


+--------------------------------------------------------+
; Parameter Settings for User Entity Instance: MUX:alusr ;
+----------------+-------+-------------------------------+
; Parameter Name ; Value ; Type                          ;
+----------------+-------+-------------------------------+
; N              ; 32    ; Signed Integer                ;
+----------------+-------+-------------------------------+
Note: In order to hide this table in the UI and the text report file, please set the "Show Parameter Settings in Synthesis Report" option in "Analysis and Synthesis Settings -> More Settings" to "Off".


+----------------------------------------------------------+
; Parameter Settings for User Entity Instance: MUX:mem2reg ;
+----------------+-------+---------------------------------+
; Parameter Name ; Value ; Type                            ;
+----------------+-------+---------------------------------+
; N              ; 32    ; Signed Integer                  ;
+----------------+-------+---------------------------------+
Note: In order to hide this table in the UI and the text report file, please set the "Show Parameter Settings in Synthesis Report" option in "Analysis and Synthesis Settings -> More Settings" to "Off".


+---------------------------------------------------------------------------------------------------------------------------+
; Analysis & Elaboration Settings                                                                                           ;
+---------------------------------------------------------------------------------+--------------------+--------------------+
; Option                                                                          ; Setting            ; Default Value      ;
+---------------------------------------------------------------------------------+--------------------+--------------------+
; Device                                                                          ; 5CSEMA5F31C6       ;                    ;
; Top-level entity name                                                           ; processorTop       ; final_proyect      ;
; Family name                                                                     ; Cyclone V          ; Cyclone V          ;
; Use smart compilation                                                           ; Off                ; Off                ;
; Enable parallel Assembler and Timing Analyzer during compilation                ; On                 ; On                 ;
; Enable compact report table                                                     ; Off                ; Off                ;
; Restructure Multiplexers                                                        ; Auto               ; Auto               ;
; MLAB Add Timing Constraints For Mixed-Port Feed-Through Mode Setting Don't Care ; Off                ; Off                ;
; Create Debugging Nodes for IP Cores                                             ; Off                ; Off                ;
; Preserve fewer node names                                                       ; On                 ; On                 ;
; Intel FPGA IP Evaluation Mode                                                   ; Enable             ; Enable             ;
; Verilog Version                                                                 ; Verilog_2001       ; Verilog_2001       ;
; VHDL Version                                                                    ; VHDL_1993          ; VHDL_1993          ;
; State Machine Processing                                                        ; Auto               ; Auto               ;
; Safe State Machine                                                              ; Off                ; Off                ;
; Extract Verilog State Machines                                                  ; On                 ; On                 ;
; Extract VHDL State Machines                                                     ; On                 ; On                 ;
; Ignore Verilog initial constructs                                               ; Off                ; Off                ;
; Iteration limit for constant Verilog loops                                      ; 5000               ; 5000               ;
; Iteration limit for non-constant Verilog loops                                  ; 250                ; 250                ;
; Add Pass-Through Logic to Inferred RAMs                                         ; On                 ; On                 ;
; Infer RAMs from Raw Logic                                                       ; On                 ; On                 ;
; Parallel Synthesis                                                              ; On                 ; On                 ;
; DSP Block Balancing                                                             ; Auto               ; Auto               ;
; NOT Gate Push-Back                                                              ; On                 ; On                 ;
; Power-Up Don't Care                                                             ; On                 ; On                 ;
; Remove Redundant Logic Cells                                                    ; Off                ; Off                ;
; Remove Duplicate Registers                                                      ; On                 ; On                 ;
; Ignore CARRY Buffers                                                            ; Off                ; Off                ;
; Ignore CASCADE Buffers                                                          ; Off                ; Off                ;
; Ignore GLOBAL Buffers                                                           ; Off                ; Off                ;
; Ignore ROW GLOBAL Buffers                                                       ; Off                ; Off                ;
; Ignore LCELL Buffers                                                            ; Off                ; Off                ;
; Ignore SOFT Buffers                                                             ; On                 ; On                 ;
; Limit AHDL Integers to 32 Bits                                                  ; Off                ; Off                ;
; Optimization Technique                                                          ; Balanced           ; Balanced           ;
; Carry Chain Length                                                              ; 70                 ; 70                 ;
; Auto Carry Chains                                                               ; On                 ; On                 ;
; Auto Open-Drain Pins                                                            ; On                 ; On                 ;
; Perform WYSIWYG Primitive Resynthesis                                           ; Off                ; Off                ;
; Auto ROM Replacement                                                            ; On                 ; On                 ;
; Auto RAM Replacement                                                            ; On                 ; On                 ;
; Auto DSP Block Replacement                                                      ; On                 ; On                 ;
; Auto Shift Register Replacement                                                 ; Auto               ; Auto               ;
; Allow Shift Register Merging across Hierarchies                                 ; Auto               ; Auto               ;
; Auto Clock Enable Replacement                                                   ; On                 ; On                 ;
; Strict RAM Replacement                                                          ; Off                ; Off                ;
; Allow Synchronous Control Signals                                               ; On                 ; On                 ;
; Force Use of Synchronous Clear Signals                                          ; Off                ; Off                ;
; Auto Resource Sharing                                                           ; Off                ; Off                ;
; Allow Any RAM Size For Recognition                                              ; Off                ; Off                ;
; Allow Any ROM Size For Recognition                                              ; Off                ; Off                ;
; Allow Any Shift Register Size For Recognition                                   ; Off                ; Off                ;
; Use LogicLock Constraints during Resource Balancing                             ; On                 ; On                 ;
; Ignore translate_off and synthesis_off directives                               ; Off                ; Off                ;
; Timing-Driven Synthesis                                                         ; On                 ; On                 ;
; Report Parameter Settings                                                       ; On                 ; On                 ;
; Report Source Assignments                                                       ; On                 ; On                 ;
; Report Connectivity Checks                                                      ; On                 ; On                 ;
; Ignore Maximum Fan-Out Assignments                                              ; Off                ; Off                ;
; Synchronization Register Chain Length                                           ; 3                  ; 3                  ;
; Power Optimization During Synthesis                                             ; Normal compilation ; Normal compilation ;
; HDL message level                                                               ; Level2             ; Level2             ;
; Suppress Register Optimization Related Messages                                 ; Off                ; Off                ;
; Number of Removed Registers Reported in Synthesis Report                        ; 5000               ; 5000               ;
; Number of Swept Nodes Reported in Synthesis Report                              ; 5000               ; 5000               ;
; Number of Inverted Registers Reported in Synthesis Report                       ; 100                ; 100                ;
; Clock MUX Protection                                                            ; On                 ; On                 ;
; Auto Gated Clock Conversion                                                     ; Off                ; Off                ;
; Block Design Naming                                                             ; Auto               ; Auto               ;
; SDC constraint protection                                                       ; Off                ; Off                ;
; Synthesis Effort                                                                ; Auto               ; Auto               ;
; Shift Register Replacement - Allow Asynchronous Clear Signal                    ; On                 ; On                 ;
; Pre-Mapping Resynthesis Optimization                                            ; Off                ; Off                ;
; Analysis & Synthesis Message Level                                              ; Medium             ; Medium             ;
; Disable Register Merging Across Hierarchies                                     ; Auto               ; Auto               ;
; Resource Aware Inference For Block RAM                                          ; On                 ; On                 ;
; Automatic Parallel Synthesis                                                    ; On                 ; On                 ;
; Partial Reconfiguration Bitstream ID                                            ; Off                ; Off                ;
+---------------------------------------------------------------------------------+--------------------+--------------------+


+-----------------------------------------+
; Port Connectivity Checks: "MUX:regsrc0" ;
+------+-------+----------+---------------+
; Port ; Type  ; Severity ; Details       ;
+------+-------+----------+---------------+
; in2  ; Input ; Info     ; Stuck at VCC  ;
+------+-------+----------+---------------+


+--------------------------------------------+
; Port Connectivity Checks: "Adder:ADD8"     ;
+----------+-------+----------+--------------+
; Port     ; Type  ; Severity ; Details      ;
+----------+-------+----------+--------------+
; b[31..4] ; Input ; Info     ; Stuck at GND ;
; b[2..0]  ; Input ; Info     ; Stuck at GND ;
; b[3]     ; Input ; Info     ; Stuck at VCC ;
+----------+-------+----------+--------------+


+--------------------------------------------+
; Port Connectivity Checks: "Adder:ADD4"     ;
+----------+-------+----------+--------------+
; Port     ; Type  ; Severity ; Details      ;
+----------+-------+----------+--------------+
; b[31..3] ; Input ; Info     ; Stuck at GND ;
; b[1..0]  ; Input ; Info     ; Stuck at GND ;
; b[2]     ; Input ; Info     ; Stuck at VCC ;
+----------+-------+----------+--------------+


+---------------------------------+
; Analysis & Elaboration Messages ;
+---------------------------------+
Info: *******************************************************************
Info: Running Quartus Prime Analysis & Elaboration
    Info: Version 22.1std.0 Build 915 10/25/2022 SC Lite Edition
    Info: Processing started: Tue Jun  4 02:00:26 2024
Info: Command: quartus_map --read_settings_files=on --write_settings_files=off final_proyect -c final_proyect --analysis_and_elaboration
Warning (18236): Number of processors has not been specified which may cause overloading on shared machines.  Set the global assignment NUM_PARALLEL_PROCESSORS in your QSF to an appropriate value for best performance.
Info (20030): Parallel compilation is enabled and will use 12 of the 12 processors detected
Info (12021): Found 1 design units, including 1 entities, in source file program_counter.sv
    Info (12023): Found entity 1: Program_counter File: E:/Users/Usuario/Documents/grupo8-digital-design-lab-2024/Proyecto_Final/Program_counter.sv Line: 1
Info (12021): Found 1 design units, including 1 entities, in source file instmem.sv
    Info (12023): Found entity 1: InstMem File: E:/Users/Usuario/Documents/grupo8-digital-design-lab-2024/Proyecto_Final/InstMem.sv Line: 1
Info (12021): Found 1 design units, including 1 entities, in source file register.sv
    Info (12023): Found entity 1: Register File: E:/Users/Usuario/Documents/grupo8-digital-design-lab-2024/Proyecto_Final/Register.sv Line: 1
Info (12021): Found 1 design units, including 1 entities, in source file datamem.sv
    Info (12023): Found entity 1: DataMem File: E:/Users/Usuario/Documents/grupo8-digital-design-lab-2024/Proyecto_Final/DataMem.sv Line: 1
Warning (12090): Entity "MUX" obtained from "MUX.sv" instead of from Quartus Prime megafunction library File: E:/Users/Usuario/Documents/grupo8-digital-design-lab-2024/Proyecto_Final/MUX.sv Line: 1
Info (12021): Found 1 design units, including 1 entities, in source file mux.sv
    Info (12023): Found entity 1: MUX File: E:/Users/Usuario/Documents/grupo8-digital-design-lab-2024/Proyecto_Final/MUX.sv Line: 1
Info (12021): Found 1 design units, including 1 entities, in source file adder.sv
    Info (12023): Found entity 1: Adder File: E:/Users/Usuario/Documents/grupo8-digital-design-lab-2024/Proyecto_Final/Adder.sv Line: 1
Info (12021): Found 1 design units, including 1 entities, in source file extend.sv
    Info (12023): Found entity 1: Extend File: E:/Users/Usuario/Documents/grupo8-digital-design-lab-2024/Proyecto_Final/Extend.sv Line: 1
Info (12021): Found 1 design units, including 1 entities, in source file alu.sv
    Info (12023): Found entity 1: ALU File: E:/Users/Usuario/Documents/grupo8-digital-design-lab-2024/Proyecto_Final/ALU.sv Line: 1
Info (12021): Found 1 design units, including 1 entities, in source file main_decoder.sv
    Info (12023): Found entity 1: Main_Decoder File: E:/Users/Usuario/Documents/grupo8-digital-design-lab-2024/Proyecto_Final/Main_Decoder.sv Line: 1
Info (12021): Found 1 design units, including 1 entities, in source file pc_logic.sv
    Info (12023): Found entity 1: PC_Logic File: E:/Users/Usuario/Documents/grupo8-digital-design-lab-2024/Proyecto_Final/PC_Logic.sv Line: 1
Info (12021): Found 1 design units, including 1 entities, in source file alu_decoder.sv
    Info (12023): Found entity 1: ALU_Decoder File: E:/Users/Usuario/Documents/grupo8-digital-design-lab-2024/Proyecto_Final/ALU_Decoder.sv Line: 1
Info (12021): Found 1 design units, including 1 entities, in source file decoder.sv
    Info (12023): Found entity 1: Decoder File: E:/Users/Usuario/Documents/grupo8-digital-design-lab-2024/Proyecto_Final/Decoder.sv Line: 1
Info (12021): Found 1 design units, including 1 entities, in source file condition_check.sv
    Info (12023): Found entity 1: Condition_Check File: E:/Users/Usuario/Documents/grupo8-digital-design-lab-2024/Proyecto_Final/Condition_Check.sv Line: 1
Info (12021): Found 1 design units, including 1 entities, in source file flagsreg.sv
    Info (12023): Found entity 1: Flagsreg File: E:/Users/Usuario/Documents/grupo8-digital-design-lab-2024/Proyecto_Final/Flagsreg.sv Line: 1
Info (12021): Found 1 design units, including 1 entities, in source file conditional_logic.sv
    Info (12023): Found entity 1: Conditional_Logic File: E:/Users/Usuario/Documents/grupo8-digital-design-lab-2024/Proyecto_Final/Conditional_Logic.sv Line: 1
Info (12021): Found 1 design units, including 1 entities, in source file control_unit.sv
    Info (12023): Found entity 1: Control_Unit File: E:/Users/Usuario/Documents/grupo8-digital-design-lab-2024/Proyecto_Final/Control_Unit.sv Line: 1
Info (12021): Found 1 design units, including 1 entities, in source file processortop.sv
    Info (12023): Found entity 1: processorTop File: E:/Users/Usuario/Documents/grupo8-digital-design-lab-2024/Proyecto_Final/processorTop.sv Line: 1
Info (12021): Found 1 design units, including 1 entities, in source file fetch_tb.sv
    Info (12023): Found entity 1: Fetch_tb File: E:/Users/Usuario/Documents/grupo8-digital-design-lab-2024/Proyecto_Final/Fetch_tb.sv Line: 1
Info (12021): Found 1 design units, including 1 entities, in source file decode_tb.sv
    Info (12023): Found entity 1: Decode_tb File: E:/Users/Usuario/Documents/grupo8-digital-design-lab-2024/Proyecto_Final/Decode_tb.sv Line: 1
Info (12021): Found 1 design units, including 1 entities, in source file excecute_tb.sv
    Info (12023): Found entity 1: Excecute_tb File: E:/Users/Usuario/Documents/grupo8-digital-design-lab-2024/Proyecto_Final/Excecute_tb.sv Line: 1
Info (12021): Found 1 design units, including 1 entities, in source file datamem_tb.sv
    Info (12023): Found entity 1: DataMem_tb File: E:/Users/Usuario/Documents/grupo8-digital-design-lab-2024/Proyecto_Final/DataMem_tb.sv Line: 1
Info (12021): Found 1 design units, including 1 entities, in source file processortop_tb4.sv
    Info (12023): Found entity 1: processorTop_tb4 File: E:/Users/Usuario/Documents/grupo8-digital-design-lab-2024/Proyecto_Final/processorTop_tb4.sv Line: 1
Info (12127): Elaborating entity "processorTop" for the top level hierarchy
Info (12128): Elaborating entity "MUX" for hierarchy "MUX:pcsr" File: E:/Users/Usuario/Documents/grupo8-digital-design-lab-2024/Proyecto_Final/processorTop.sv Line: 16
Info (12128): Elaborating entity "Program_counter" for hierarchy "Program_counter:PC" File: E:/Users/Usuario/Documents/grupo8-digital-design-lab-2024/Proyecto_Final/processorTop.sv Line: 24
Info (12128): Elaborating entity "Adder" for hierarchy "Adder:ADD4" File: E:/Users/Usuario/Documents/grupo8-digital-design-lab-2024/Proyecto_Final/processorTop.sv Line: 31
Info (12128): Elaborating entity "InstMem" for hierarchy "InstMem:Imem" File: E:/Users/Usuario/Documents/grupo8-digital-design-lab-2024/Proyecto_Final/processorTop.sv Line: 44
Warning (10850): Verilog HDL warning at InstMem.sv(9): number of words (38) in memory file does not match the number of elements in the address range [0:63] File: E:/Users/Usuario/Documents/grupo8-digital-design-lab-2024/Proyecto_Final/InstMem.sv Line: 9
Warning (10030): Net "Memory.data_a" at InstMem.sv(6) has no driver or initial value, using a default initial value '0' File: E:/Users/Usuario/Documents/grupo8-digital-design-lab-2024/Proyecto_Final/InstMem.sv Line: 6
Warning (10030): Net "Memory.waddr_a" at InstMem.sv(6) has no driver or initial value, using a default initial value '0' File: E:/Users/Usuario/Documents/grupo8-digital-design-lab-2024/Proyecto_Final/InstMem.sv Line: 6
Warning (10030): Net "Memory.we_a" at InstMem.sv(6) has no driver or initial value, using a default initial value '0' File: E:/Users/Usuario/Documents/grupo8-digital-design-lab-2024/Proyecto_Final/InstMem.sv Line: 6
Info (12128): Elaborating entity "MUX" for hierarchy "MUX:regsrc0" File: E:/Users/Usuario/Documents/grupo8-digital-design-lab-2024/Proyecto_Final/processorTop.sv Line: 52
Info (12128): Elaborating entity "Register" for hierarchy "Register:register" File: E:/Users/Usuario/Documents/grupo8-digital-design-lab-2024/Proyecto_Final/processorTop.sv Line: 73
Info (12128): Elaborating entity "Extend" for hierarchy "Extend:ext" File: E:/Users/Usuario/Documents/grupo8-digital-design-lab-2024/Proyecto_Final/processorTop.sv Line: 80
Info (12128): Elaborating entity "ALU" for hierarchy "ALU:alu" File: E:/Users/Usuario/Documents/grupo8-digital-design-lab-2024/Proyecto_Final/processorTop.sv Line: 97
Info (12128): Elaborating entity "DataMem" for hierarchy "DataMem:dmem" File: E:/Users/Usuario/Documents/grupo8-digital-design-lab-2024/Proyecto_Final/processorTop.sv Line: 106
Warning (10850): Verilog HDL warning at DataMem.sv(12): number of words (3) in memory file does not match the number of elements in the address range [0:511] File: E:/Users/Usuario/Documents/grupo8-digital-design-lab-2024/Proyecto_Final/DataMem.sv Line: 12
Warning (10855): Verilog HDL warning at DataMem.sv(11): initial value for variable Memory should be constant File: E:/Users/Usuario/Documents/grupo8-digital-design-lab-2024/Proyecto_Final/DataMem.sv Line: 11
Info (12128): Elaborating entity "Control_Unit" for hierarchy "Control_Unit:controlunit" File: E:/Users/Usuario/Documents/grupo8-digital-design-lab-2024/Proyecto_Final/processorTop.sv Line: 131
Info (12128): Elaborating entity "Conditional_Logic" for hierarchy "Control_Unit:controlunit|Conditional_Logic:condlogic" File: E:/Users/Usuario/Documents/grupo8-digital-design-lab-2024/Proyecto_Final/Control_Unit.sv Line: 26
Info (12128): Elaborating entity "Flagsreg" for hierarchy "Control_Unit:controlunit|Conditional_Logic:condlogic|Flagsreg:flagsreg32" File: E:/Users/Usuario/Documents/grupo8-digital-design-lab-2024/Proyecto_Final/Conditional_Logic.sv Line: 18
Info (12128): Elaborating entity "Condition_Check" for hierarchy "Control_Unit:controlunit|Conditional_Logic:condlogic|Condition_Check:condcheck" File: E:/Users/Usuario/Documents/grupo8-digital-design-lab-2024/Proyecto_Final/Conditional_Logic.sv Line: 32
Info (12128): Elaborating entity "Decoder" for hierarchy "Control_Unit:controlunit|Decoder:deco" File: E:/Users/Usuario/Documents/grupo8-digital-design-lab-2024/Proyecto_Final/Control_Unit.sv Line: 43
Info (12128): Elaborating entity "Main_Decoder" for hierarchy "Control_Unit:controlunit|Decoder:deco|Main_Decoder:maindeco" File: E:/Users/Usuario/Documents/grupo8-digital-design-lab-2024/Proyecto_Final/Decoder.sv Line: 24
Info (12128): Elaborating entity "PC_Logic" for hierarchy "Control_Unit:controlunit|Decoder:deco|PC_Logic:pclogic" File: E:/Users/Usuario/Documents/grupo8-digital-design-lab-2024/Proyecto_Final/Decoder.sv Line: 31
Info (12128): Elaborating entity "ALU_Decoder" for hierarchy "Control_Unit:controlunit|Decoder:deco|ALU_Decoder:aludeco" File: E:/Users/Usuario/Documents/grupo8-digital-design-lab-2024/Proyecto_Final/Decoder.sv Line: 39
Info: Quartus Prime Analysis & Elaboration was successful. 0 errors, 8 warnings
    Info: Peak virtual memory: 4883 megabytes
    Info: Processing ended: Tue Jun  4 02:00:43 2024
    Info: Elapsed time: 00:00:17
    Info: Total CPU time (on all processors): 00:00:17


